<?xml version="1.0" encoding="UTF-8"?>
<testsuite name="me.redbean88.standAlone.web.IndexControllerTest" tests="1" skipped="0" failures="0" errors="0" timestamp="2020-06-03T14:43:47" hostname="DESKTOP-GM3H7S2" time="0.205">
  <properties/>
  <testcase name="메인페이지로딩" classname="me.redbean88.standAlone.web.IndexControllerTest" time="0.205"/>
  <system-out><![CDATA[2020-06-03 23:43:44.796  INFO 10668 --- [    Test worker] .b.t.c.SpringBootTestContextBootstrapper : Neither @ContextConfiguration nor @ContextHierarchy found for test class [me.redbean88.standAlone.web.IndexControllerTest], using SpringBootContextLoader
2020-06-03 23:43:44.797  INFO 10668 --- [    Test worker] o.s.t.c.support.AbstractContextLoader    : Could not detect default resource locations for test class [me.redbean88.standAlone.web.IndexControllerTest]: no resource found for suffixes {-context.xml, Context.groovy}.
2020-06-03 23:43:44.797  INFO 10668 --- [    Test worker] t.c.s.AnnotationConfigContextLoaderUtils : Could not detect default configuration classes for test class [me.redbean88.standAlone.web.IndexControllerTest]: IndexControllerTest does not declare any static, non-private, non-final, nested classes annotated with @Configuration.
2020-06-03 23:43:44.799  INFO 10668 --- [    Test worker] .b.t.c.SpringBootTestContextBootstrapper : Found @SpringBootConfiguration me.redbean88.standAlone.Application for test class me.redbean88.standAlone.web.IndexControllerTest
2020-06-03 23:43:44.800  INFO 10668 --- [    Test worker] .b.t.c.SpringBootTestContextBootstrapper : Loaded default TestExecutionListener class names from location [META-INF/spring.factories]: [org.springframework.security.test.context.support.WithSecurityContextTestExecutionListener, org.springframework.security.test.context.support.ReactorContextTestExecutionListener, org.springframework.boot.test.autoconfigure.restdocs.RestDocsTestExecutionListener, org.springframework.boot.test.autoconfigure.web.client.MockRestServiceServerResetTestExecutionListener, org.springframework.boot.test.autoconfigure.web.servlet.MockMvcPrintOnlyOnFailureTestExecutionListener, org.springframework.boot.test.autoconfigure.web.servlet.WebDriverTestExecutionListener, org.springframework.boot.test.mock.mockito.MockitoTestExecutionListener, org.springframework.boot.test.mock.mockito.ResetMocksTestExecutionListener, org.springframework.test.context.web.ServletTestExecutionListener, org.springframework.test.context.support.DirtiesContextBeforeModesTestExecutionListener, org.springframework.test.context.support.DependencyInjectionTestExecutionListener, org.springframework.test.context.support.DirtiesContextTestExecutionListener, org.springframework.test.context.transaction.TransactionalTestExecutionListener, org.springframework.test.context.jdbc.SqlScriptsTestExecutionListener]
2020-06-03 23:43:44.801  INFO 10668 --- [    Test worker] .b.t.c.SpringBootTestContextBootstrapper : Using TestExecutionListeners: [org.springframework.test.context.web.ServletTestExecutionListener@5a8fe733, org.springframework.test.context.support.DirtiesContextBeforeModesTestExecutionListener@21432056, org.springframework.boot.test.mock.mockito.MockitoTestExecutionListener@a073350, org.springframework.boot.test.autoconfigure.SpringBootDependencyInjectionTestExecutionListener@4fd6f285, org.springframework.test.context.support.DirtiesContextTestExecutionListener@6a453233, org.springframework.test.context.transaction.TransactionalTestExecutionListener@52bceebd, org.springframework.test.context.jdbc.SqlScriptsTestExecutionListener@6192da09, org.springframework.security.test.context.support.WithSecurityContextTestExecutionListener@19284e64, org.springframework.security.test.context.support.ReactorContextTestExecutionListener@5abf23d8, org.springframework.boot.test.autoconfigure.restdocs.RestDocsTestExecutionListener@6f43f734, org.springframework.boot.test.autoconfigure.web.client.MockRestServiceServerResetTestExecutionListener@18f63a47, org.springframework.boot.test.autoconfigure.web.servlet.MockMvcPrintOnlyOnFailureTestExecutionListener@43760c53, org.springframework.boot.test.autoconfigure.web.servlet.WebDriverTestExecutionListener@60f45606, org.springframework.boot.test.mock.mockito.ResetMocksTestExecutionListener@10fee77b]

  .   ____          _            __ _ _
 /\\ / ___'_ __ _ _(_)_ __  __ _ \ \ \ \
( ( )\___ | '_ | '_| | '_ \/ _` | \ \ \ \
 \\/  ___)| |_)| | | | | || (_| |  ) ) ) )
  '  |____| .__|_| |_|_| |_\__, | / / / /
 =========|_|==============|___/=/_/_/_/
 :: Spring Boot ::        (v2.1.7.RELEASE)

2020-06-03 23:43:44.831  INFO 10668 --- [    Test worker] m.r.standAlone.web.IndexControllerTest   : Starting IndexControllerTest on DESKTOP-GM3H7S2 with PID 10668 (started by dackpro00 in D:\TOYS\standaloneBaseinAWS)
2020-06-03 23:43:44.831  INFO 10668 --- [    Test worker] m.r.standAlone.web.IndexControllerTest   : No active profile set, falling back to default profiles: default
2020-06-03 23:43:45.035  INFO 10668 --- [    Test worker] .s.d.r.c.RepositoryConfigurationDelegate : Bootstrapping Spring Data repositories in DEFAULT mode.
2020-06-03 23:43:45.057  INFO 10668 --- [    Test worker] .s.d.r.c.RepositoryConfigurationDelegate : Finished Spring Data repository scanning in 22ms. Found 2 repository interfaces.
2020-06-03 23:43:45.189  INFO 10668 --- [    Test worker] trationDelegate$BeanPostProcessorChecker : Bean 'org.springframework.transaction.annotation.ProxyTransactionManagementConfiguration' of type [org.springframework.transaction.annotation.ProxyTransactionManagementConfiguration$$EnhancerBySpringCGLIB$$ff5a7511] is not eligible for getting processed by all BeanPostProcessors (for example: not eligible for auto-proxying)
2020-06-03 23:43:45.467  INFO 10668 --- [    Test worker] o.s.b.w.embedded.tomcat.TomcatWebServer  : Tomcat initialized with port(s): 0 (http)
2020-06-03 23:43:45.504  INFO 10668 --- [    Test worker] o.apache.catalina.core.StandardService   : Starting service [Tomcat]
2020-06-03 23:43:45.504  INFO 10668 --- [    Test worker] org.apache.catalina.core.StandardEngine  : Starting Servlet engine: [Apache Tomcat/9.0.22]
2020-06-03 23:43:45.700  INFO 10668 --- [    Test worker] o.a.c.c.C.[Tomcat].[localhost].[/]       : Initializing Spring embedded WebApplicationContext
2020-06-03 23:43:45.700  INFO 10668 --- [    Test worker] o.s.web.context.ContextLoader            : Root WebApplicationContext: initialization completed in 866 ms
2020-06-03 23:43:45.931  INFO 10668 --- [    Test worker] com.zaxxer.hikari.HikariDataSource       : HikariPool-2 - Starting...
2020-06-03 23:43:45.932  INFO 10668 --- [    Test worker] com.zaxxer.hikari.HikariDataSource       : HikariPool-2 - Start completed.
2020-06-03 23:43:45.969  INFO 10668 --- [    Test worker] o.hibernate.jpa.internal.util.LogHelper  : HHH000204: Processing PersistenceUnitInfo [
	name: default
	...]
2020-06-03 23:43:45.979  INFO 10668 --- [    Test worker] org.hibernate.dialect.Dialect            : HHH000400: Using dialect: org.hibernate.dialect.MySQL5InnoDBDialect
Hibernate: drop table if exists posts
Hibernate: drop table if exists user
Hibernate: create table posts (id bigint not null auto_increment, created_date datetime, modified_date datetime, author varchar(255), content TEXT not null, title varchar(500) not null, primary key (id)) engine=InnoDB
Hibernate: create table user (id bigint not null auto_increment, created_date datetime, modified_date datetime, email varchar(255) not null, name varchar(255) not null, picture varchar(255), role varchar(255) not null, primary key (id)) engine=InnoDB
2020-06-03 23:43:46.035  INFO 10668 --- [    Test worker] o.h.t.schema.internal.SchemaCreatorImpl  : HHH000476: Executing import script 'org.hibernate.tool.schema.internal.exec.ScriptSourceInputNonExistentImpl@5e827d49'
2020-06-03 23:43:46.036  INFO 10668 --- [    Test worker] j.LocalContainerEntityManagerFactoryBean : Initialized JPA EntityManagerFactory for persistence unit 'default'
2020-06-03 23:43:46.366  INFO 10668 --- [    Test worker] o.h.h.i.QueryTranslatorFactoryInitiator  : HHH000397: Using ASTQueryTranslatorFactory
2020-06-03 23:43:46.510  INFO 10668 --- [    Test worker] o.s.s.web.DefaultSecurityFilterChain     : Creating filter chain: any request, [org.springframework.security.web.context.request.async.WebAsyncManagerIntegrationFilter@6ec7b3b4, org.springframework.security.web.context.SecurityContextPersistenceFilter@560c2306, org.springframework.security.web.header.HeaderWriterFilter@649caad6, org.springframework.security.web.authentication.logout.LogoutFilter@3e5291c7, org.springframework.security.oauth2.client.web.OAuth2AuthorizationRequestRedirectFilter@44022a25, org.springframework.security.oauth2.client.web.OAuth2LoginAuthenticationFilter@2df5dc53, org.springframework.security.web.authentication.ui.DefaultLoginPageGeneratingFilter@97197fc, org.springframework.security.web.authentication.ui.DefaultLogoutPageGeneratingFilter@c171e88, org.springframework.security.web.savedrequest.RequestCacheAwareFilter@37269841, org.springframework.security.web.servletapi.SecurityContextHolderAwareRequestFilter@36ed4e69, org.springframework.security.web.authentication.AnonymousAuthenticationFilter@59915e2d, org.springframework.security.web.session.SessionManagementFilter@2942dc34, org.springframework.security.web.access.ExceptionTranslationFilter@21981a7c, org.springframework.security.web.access.intercept.FilterSecurityInterceptor@6b212276]
2020-06-03 23:43:46.682  INFO 10668 --- [    Test worker] o.s.s.concurrent.ThreadPoolTaskExecutor  : Initializing ExecutorService 'applicationTaskExecutor'
2020-06-03 23:43:46.697  WARN 10668 --- [    Test worker] aWebConfiguration$JpaWebMvcConfiguration : spring.jpa.open-in-view is enabled by default. Therefore, database queries may be performed during view rendering. Explicitly configure spring.jpa.open-in-view to disable this warning
2020-06-03 23:43:46.726  INFO 10668 --- [    Test worker] o.s.b.a.w.s.WelcomePageHandlerMapping    : Adding welcome page template: index
2020-06-03 23:43:47.008  INFO 10668 --- [    Test worker] s.a.ScheduledAnnotationBeanPostProcessor : No TaskScheduler/ScheduledExecutorService bean found for scheduled processing
2020-06-03 23:43:47.028  INFO 10668 --- [    Test worker] o.s.b.w.embedded.tomcat.TomcatWebServer  : Tomcat started on port(s): 3371 (http) with context path ''
2020-06-03 23:43:47.029  INFO 10668 --- [    Test worker] m.r.standAlone.web.IndexControllerTest   : Started IndexControllerTest in 2.226 seconds (JVM running for 10.603)
2020-06-03 23:43:47.129  INFO 10668 --- [o-auto-1-exec-1] o.a.c.c.C.[Tomcat].[localhost].[/]       : Initializing Spring DispatcherServlet 'dispatcherServlet'
2020-06-03 23:43:47.129  INFO 10668 --- [o-auto-1-exec-1] o.s.web.servlet.DispatcherServlet        : Initializing Servlet 'dispatcherServlet'
2020-06-03 23:43:47.161  INFO 10668 --- [o-auto-1-exec-1] o.s.web.servlet.DispatcherServlet        : Completed initialization in 32 ms
Hibernate: select posts0_.id as id1_0_, posts0_.created_date as created_2_0_, posts0_.modified_date as modified3_0_, posts0_.author as author4_0_, posts0_.content as content5_0_, posts0_.title as title6_0_ from posts posts0_ order by posts0_.id desc
]]></system-out>
  <system-err><![CDATA[]]></system-err>
</testsuite>
