<?xml version="1.0" encoding="UTF-8"?>
<testsuite name="me.redbean88.standAlone.domain.posts.PostsRepositoryTest" tests="2" skipped="0" failures="0" errors="0" timestamp="2020-06-03T14:43:43" hostname="DESKTOP-GM3H7S2" time="0.272">
  <properties/>
  <testcase name="게시글저장_불러오기_삭제" classname="me.redbean88.standAlone.domain.posts.PostsRepositoryTest" time="0.26"/>
  <testcase name="BaseTimeEntity_등록" classname="me.redbean88.standAlone.domain.posts.PostsRepositoryTest" time="0.011"/>
  <system-out><![CDATA[23:43:37.622 [Test worker] DEBUG org.springframework.test.context.junit4.SpringJUnit4ClassRunner - SpringJUnit4ClassRunner constructor called with [class me.redbean88.standAlone.domain.posts.PostsRepositoryTest]
23:43:37.632 [Test worker] DEBUG org.springframework.test.context.BootstrapUtils - Instantiating CacheAwareContextLoaderDelegate from class [org.springframework.test.context.cache.DefaultCacheAwareContextLoaderDelegate]
23:43:37.643 [Test worker] DEBUG org.springframework.test.context.BootstrapUtils - Instantiating BootstrapContext using constructor [public org.springframework.test.context.support.DefaultBootstrapContext(java.lang.Class,org.springframework.test.context.CacheAwareContextLoaderDelegate)]
23:43:37.665 [Test worker] DEBUG org.springframework.test.context.BootstrapUtils - Instantiating TestContextBootstrapper for test class [me.redbean88.standAlone.domain.posts.PostsRepositoryTest] from class [org.springframework.boot.test.context.SpringBootTestContextBootstrapper]
23:43:37.681 [Test worker] INFO org.springframework.boot.test.context.SpringBootTestContextBootstrapper - Neither @ContextConfiguration nor @ContextHierarchy found for test class [me.redbean88.standAlone.domain.posts.PostsRepositoryTest], using SpringBootContextLoader
23:43:37.684 [Test worker] DEBUG org.springframework.test.context.support.AbstractContextLoader - Did not detect default resource location for test class [me.redbean88.standAlone.domain.posts.PostsRepositoryTest]: class path resource [me/redbean88/standAlone/domain/posts/PostsRepositoryTest-context.xml] does not exist
23:43:37.685 [Test worker] DEBUG org.springframework.test.context.support.AbstractContextLoader - Did not detect default resource location for test class [me.redbean88.standAlone.domain.posts.PostsRepositoryTest]: class path resource [me/redbean88/standAlone/domain/posts/PostsRepositoryTestContext.groovy] does not exist
23:43:37.685 [Test worker] INFO org.springframework.test.context.support.AbstractContextLoader - Could not detect default resource locations for test class [me.redbean88.standAlone.domain.posts.PostsRepositoryTest]: no resource found for suffixes {-context.xml, Context.groovy}.
23:43:37.686 [Test worker] INFO org.springframework.test.context.support.AnnotationConfigContextLoaderUtils - Could not detect default configuration classes for test class [me.redbean88.standAlone.domain.posts.PostsRepositoryTest]: PostsRepositoryTest does not declare any static, non-private, non-final, nested classes annotated with @Configuration.
23:43:37.727 [Test worker] DEBUG org.springframework.test.context.support.ActiveProfilesUtils - Could not find an 'annotation declaring class' for annotation type [org.springframework.test.context.ActiveProfiles] and class [me.redbean88.standAlone.domain.posts.PostsRepositoryTest]
23:43:37.797 [Test worker] DEBUG org.springframework.context.annotation.ClassPathScanningCandidateComponentProvider - Identified candidate component class: file [D:\TOYS\standaloneBaseinAWS\build\classes\java\main\me\redbean88\standAlone\Application.class]
23:43:37.798 [Test worker] INFO org.springframework.boot.test.context.SpringBootTestContextBootstrapper - Found @SpringBootConfiguration me.redbean88.standAlone.Application for test class me.redbean88.standAlone.domain.posts.PostsRepositoryTest
23:43:37.892 [Test worker] DEBUG org.springframework.boot.test.context.SpringBootTestContextBootstrapper - @TestExecutionListeners is not present for class [me.redbean88.standAlone.domain.posts.PostsRepositoryTest]: using defaults.
23:43:37.893 [Test worker] INFO org.springframework.boot.test.context.SpringBootTestContextBootstrapper - Loaded default TestExecutionListener class names from location [META-INF/spring.factories]: [org.springframework.security.test.context.support.WithSecurityContextTestExecutionListener, org.springframework.security.test.context.support.ReactorContextTestExecutionListener, org.springframework.boot.test.autoconfigure.restdocs.RestDocsTestExecutionListener, org.springframework.boot.test.autoconfigure.web.client.MockRestServiceServerResetTestExecutionListener, org.springframework.boot.test.autoconfigure.web.servlet.MockMvcPrintOnlyOnFailureTestExecutionListener, org.springframework.boot.test.autoconfigure.web.servlet.WebDriverTestExecutionListener, org.springframework.boot.test.mock.mockito.MockitoTestExecutionListener, org.springframework.boot.test.mock.mockito.ResetMocksTestExecutionListener, org.springframework.test.context.web.ServletTestExecutionListener, org.springframework.test.context.support.DirtiesContextBeforeModesTestExecutionListener, org.springframework.test.context.support.DependencyInjectionTestExecutionListener, org.springframework.test.context.support.DirtiesContextTestExecutionListener, org.springframework.test.context.transaction.TransactionalTestExecutionListener, org.springframework.test.context.jdbc.SqlScriptsTestExecutionListener]
23:43:37.919 [Test worker] INFO org.springframework.boot.test.context.SpringBootTestContextBootstrapper - Using TestExecutionListeners: [org.springframework.test.context.web.ServletTestExecutionListener@6411b7fc, org.springframework.test.context.support.DirtiesContextBeforeModesTestExecutionListener@19cfbd1a, org.springframework.boot.test.mock.mockito.MockitoTestExecutionListener@4e05ea, org.springframework.boot.test.autoconfigure.SpringBootDependencyInjectionTestExecutionListener@420fac8d, org.springframework.test.context.support.DirtiesContextTestExecutionListener@2bc85d67, org.springframework.test.context.transaction.TransactionalTestExecutionListener@4f0b1269, org.springframework.test.context.jdbc.SqlScriptsTestExecutionListener@3f1a3f37, org.springframework.security.test.context.support.WithSecurityContextTestExecutionListener@4e879d, org.springframework.security.test.context.support.ReactorContextTestExecutionListener@6904d196, org.springframework.boot.test.autoconfigure.restdocs.RestDocsTestExecutionListener@7e0b0e85, org.springframework.boot.test.autoconfigure.web.client.MockRestServiceServerResetTestExecutionListener@108665f4, org.springframework.boot.test.autoconfigure.web.servlet.MockMvcPrintOnlyOnFailureTestExecutionListener@64007a16, org.springframework.boot.test.autoconfigure.web.servlet.WebDriverTestExecutionListener@2b478f61, org.springframework.boot.test.mock.mockito.ResetMocksTestExecutionListener@d1ed3aa]
23:43:37.922 [Test worker] DEBUG org.springframework.test.annotation.ProfileValueUtils - Retrieved @ProfileValueSourceConfiguration [null] for test class [me.redbean88.standAlone.domain.posts.PostsRepositoryTest]
23:43:37.923 [Test worker] DEBUG org.springframework.test.annotation.ProfileValueUtils - Retrieved ProfileValueSource type [class org.springframework.test.annotation.SystemProfileValueSource] for class [me.redbean88.standAlone.domain.posts.PostsRepositoryTest]
23:43:37.924 [Test worker] DEBUG org.springframework.test.annotation.ProfileValueUtils - Retrieved @ProfileValueSourceConfiguration [null] for test class [me.redbean88.standAlone.domain.posts.PostsRepositoryTest]
23:43:37.924 [Test worker] DEBUG org.springframework.test.annotation.ProfileValueUtils - Retrieved ProfileValueSource type [class org.springframework.test.annotation.SystemProfileValueSource] for class [me.redbean88.standAlone.domain.posts.PostsRepositoryTest]
23:43:37.930 [Test worker] DEBUG org.springframework.test.context.support.AbstractDirtiesContextTestExecutionListener - Before test class: context [DefaultTestContext@37e61ec6 testClass = PostsRepositoryTest, testInstance = [null], testMethod = [null], testException = [null], mergedContextConfiguration = [WebMergedContextConfiguration@77dc52b5 testClass = PostsRepositoryTest, locations = '{}', classes = '{class me.redbean88.standAlone.Application}', contextInitializerClasses = '[]', activeProfiles = '{}', propertySourceLocations = '{}', propertySourceProperties = '{org.springframework.boot.test.context.SpringBootTestContextBootstrapper=true}', contextCustomizers = set[org.springframework.boot.test.autoconfigure.properties.PropertyMappingContextCustomizer@0, org.springframework.boot.test.autoconfigure.web.servlet.WebDriverContextCustomizerFactory$Customizer@59c15d43, org.springframework.boot.test.context.filter.ExcludeFilterContextCustomizer@7c15fee1, org.springframework.boot.test.json.DuplicateJsonObjectContextCustomizerFactory$DuplicateJsonObjectContextCustomizer@28795163, org.springframework.boot.test.mock.mockito.MockitoContextCustomizer@0, org.springframework.boot.test.web.client.TestRestTemplateContextCustomizer@5ae53a94], resourceBasePath = 'src/main/webapp', contextLoader = 'org.springframework.boot.test.context.SpringBootContextLoader', parent = [null]], attributes = map['org.springframework.test.context.web.ServletTestExecutionListener.activateListener' -> true]], class annotated with @DirtiesContext [false] with mode [null].
23:43:37.931 [Test worker] DEBUG org.springframework.test.annotation.ProfileValueUtils - Retrieved @ProfileValueSourceConfiguration [null] for test class [me.redbean88.standAlone.domain.posts.PostsRepositoryTest]
23:43:37.931 [Test worker] DEBUG org.springframework.test.annotation.ProfileValueUtils - Retrieved ProfileValueSource type [class org.springframework.test.annotation.SystemProfileValueSource] for class [me.redbean88.standAlone.domain.posts.PostsRepositoryTest]
23:43:37.967 [Test worker] DEBUG org.springframework.test.context.support.TestPropertySourceUtils - Adding inlined properties to environment: {spring.jmx.enabled=false, org.springframework.boot.test.context.SpringBootTestContextBootstrapper=true, server.port=-1}

  .   ____          _            __ _ _
 /\\ / ___'_ __ _ _(_)_ __  __ _ \ \ \ \
( ( )\___ | '_ | '_| | '_ \/ _` | \ \ \ \
 \\/  ___)| |_)| | | | | || (_| |  ) ) ) )
  '  |____| .__|_| |_|_| |_\__, | / / / /
 =========|_|==============|___/=/_/_/_/
 :: Spring Boot ::        (v2.1.7.RELEASE)

2020-06-03 23:43:38.204  INFO 10668 --- [    Test worker] m.r.s.domain.posts.PostsRepositoryTest   : Starting PostsRepositoryTest on DESKTOP-GM3H7S2 with PID 10668 (started by dackpro00 in D:\TOYS\standaloneBaseinAWS)
2020-06-03 23:43:38.205  INFO 10668 --- [    Test worker] m.r.s.domain.posts.PostsRepositoryTest   : No active profile set, falling back to default profiles: default
2020-06-03 23:43:39.030  INFO 10668 --- [    Test worker] .s.d.r.c.RepositoryConfigurationDelegate : Bootstrapping Spring Data repositories in DEFAULT mode.
2020-06-03 23:43:39.107  INFO 10668 --- [    Test worker] .s.d.r.c.RepositoryConfigurationDelegate : Finished Spring Data repository scanning in 67ms. Found 2 repository interfaces.
2020-06-03 23:43:39.580  INFO 10668 --- [    Test worker] trationDelegate$BeanPostProcessorChecker : Bean 'org.springframework.transaction.annotation.ProxyTransactionManagementConfiguration' of type [org.springframework.transaction.annotation.ProxyTransactionManagementConfiguration$$EnhancerBySpringCGLIB$$ff5a7511] is not eligible for getting processed by all BeanPostProcessors (for example: not eligible for auto-proxying)
2020-06-03 23:43:39.825  INFO 10668 --- [    Test worker] com.zaxxer.hikari.HikariDataSource       : HikariPool-1 - Starting...
2020-06-03 23:43:39.975  INFO 10668 --- [    Test worker] com.zaxxer.hikari.HikariDataSource       : HikariPool-1 - Start completed.
2020-06-03 23:43:40.062  INFO 10668 --- [    Test worker] o.hibernate.jpa.internal.util.LogHelper  : HHH000204: Processing PersistenceUnitInfo [
	name: default
	...]
2020-06-03 23:43:40.141  INFO 10668 --- [    Test worker] org.hibernate.Version                    : HHH000412: Hibernate Core {5.3.10.Final}
2020-06-03 23:43:40.143  INFO 10668 --- [    Test worker] org.hibernate.cfg.Environment            : HHH000206: hibernate.properties not found
2020-06-03 23:43:40.296  INFO 10668 --- [    Test worker] o.hibernate.annotations.common.Version   : HCANN000001: Hibernate Commons Annotations {5.0.4.Final}
2020-06-03 23:43:40.470  INFO 10668 --- [    Test worker] org.hibernate.dialect.Dialect            : HHH000400: Using dialect: org.hibernate.dialect.MySQL5InnoDBDialect
Hibernate: drop table if exists posts
Hibernate: drop table if exists user
Hibernate: create table posts (id bigint not null auto_increment, created_date datetime, modified_date datetime, author varchar(255), content TEXT not null, title varchar(500) not null, primary key (id)) engine=InnoDB
Hibernate: create table user (id bigint not null auto_increment, created_date datetime, modified_date datetime, email varchar(255) not null, name varchar(255) not null, picture varchar(255), role varchar(255) not null, primary key (id)) engine=InnoDB
2020-06-03 23:43:41.158  INFO 10668 --- [    Test worker] o.h.t.schema.internal.SchemaCreatorImpl  : HHH000476: Executing import script 'org.hibernate.tool.schema.internal.exec.ScriptSourceInputNonExistentImpl@5e827d49'
2020-06-03 23:43:41.161  INFO 10668 --- [    Test worker] j.LocalContainerEntityManagerFactoryBean : Initialized JPA EntityManagerFactory for persistence unit 'default'
2020-06-03 23:43:41.712  INFO 10668 --- [    Test worker] o.h.h.i.QueryTranslatorFactoryInitiator  : HHH000397: Using ASTQueryTranslatorFactory
2020-06-03 23:43:42.305  INFO 10668 --- [    Test worker] o.s.s.web.DefaultSecurityFilterChain     : Creating filter chain: any request, [org.springframework.security.web.context.request.async.WebAsyncManagerIntegrationFilter@31732c13, org.springframework.security.web.context.SecurityContextPersistenceFilter@57bef171, org.springframework.security.web.header.HeaderWriterFilter@72bf6336, org.springframework.security.web.authentication.logout.LogoutFilter@192c0071, org.springframework.security.oauth2.client.web.OAuth2AuthorizationRequestRedirectFilter@213cd40, org.springframework.security.oauth2.client.web.OAuth2LoginAuthenticationFilter@6b14d441, org.springframework.security.web.authentication.ui.DefaultLoginPageGeneratingFilter@7ec71344, org.springframework.security.web.authentication.ui.DefaultLogoutPageGeneratingFilter@d016237, org.springframework.security.web.savedrequest.RequestCacheAwareFilter@25448127, org.springframework.security.web.servletapi.SecurityContextHolderAwareRequestFilter@49c4dabb, org.springframework.security.web.authentication.AnonymousAuthenticationFilter@29ba845e, org.springframework.security.web.session.SessionManagementFilter@8bd4be3, org.springframework.security.web.access.ExceptionTranslationFilter@11ed8890, org.springframework.security.web.access.intercept.FilterSecurityInterceptor@7f2db31]
2020-06-03 23:43:42.860  INFO 10668 --- [    Test worker] o.s.s.concurrent.ThreadPoolTaskExecutor  : Initializing ExecutorService 'applicationTaskExecutor'
2020-06-03 23:43:42.919  WARN 10668 --- [    Test worker] aWebConfiguration$JpaWebMvcConfiguration : spring.jpa.open-in-view is enabled by default. Therefore, database queries may be performed during view rendering. Explicitly configure spring.jpa.open-in-view to disable this warning
2020-06-03 23:43:42.966  INFO 10668 --- [    Test worker] o.s.b.a.w.s.WelcomePageHandlerMapping    : Adding welcome page template: index
2020-06-03 23:43:43.491  INFO 10668 --- [    Test worker] s.a.ScheduledAnnotationBeanPostProcessor : No TaskScheduler/ScheduledExecutorService bean found for scheduled processing
2020-06-03 23:43:43.499  INFO 10668 --- [    Test worker] m.r.s.domain.posts.PostsRepositoryTest   : Started PostsRepositoryTest in 5.522 seconds (JVM running for 7.072)
Hibernate: insert into posts (created_date, modified_date, author, content, title) values (?, ?, ?, ?, ?)
Hibernate: select posts0_.id as id1_0_, posts0_.created_date as created_2_0_, posts0_.modified_date as modified3_0_, posts0_.author as author4_0_, posts0_.content as content5_0_, posts0_.title as title6_0_ from posts posts0_
Hibernate: select posts0_.id as id1_0_, posts0_.created_date as created_2_0_, posts0_.modified_date as modified3_0_, posts0_.author as author4_0_, posts0_.content as content5_0_, posts0_.title as title6_0_ from posts posts0_
Hibernate: delete from posts where id=?
Hibernate: insert into posts (created_date, modified_date, author, content, title) values (?, ?, ?, ?, ?)
Hibernate: select posts0_.id as id1_0_, posts0_.created_date as created_2_0_, posts0_.modified_date as modified3_0_, posts0_.author as author4_0_, posts0_.content as content5_0_, posts0_.title as title6_0_ from posts posts0_
>>>createDate2020-06-03T23:43:43.780>>>ModifiedDate=2020-06-03T23:43:43.780
Hibernate: select posts0_.id as id1_0_, posts0_.created_date as created_2_0_, posts0_.modified_date as modified3_0_, posts0_.author as author4_0_, posts0_.content as content5_0_, posts0_.title as title6_0_ from posts posts0_
Hibernate: delete from posts where id=?
]]></system-out>
  <system-err><![CDATA[]]></system-err>
</testsuite>
