<?xml version="1.0" encoding="UTF-8"?>
<testsuite name="me.redbean88.standAlone.web.HelloControllerTest" tests="2" skipped="0" failures="0" errors="0" timestamp="2020-06-03T14:43:44" hostname="DESKTOP-GM3H7S2" time="0.138">
  <properties/>
  <testcase name="helloDto리턴" classname="me.redbean88.standAlone.web.HelloControllerTest" time="0.13"/>
  <testcase name="hello리턴" classname="me.redbean88.standAlone.web.HelloControllerTest" time="0.007"/>
  <system-out><![CDATA[2020-06-03 23:43:43.802  INFO 10668 --- [    Test worker] .b.t.a.w.s.WebMvcTestContextBootstrapper : Neither @ContextConfiguration nor @ContextHierarchy found for test class [me.redbean88.standAlone.web.HelloControllerTest], using SpringBootContextLoader
2020-06-03 23:43:43.803  INFO 10668 --- [    Test worker] o.s.t.c.support.AbstractContextLoader    : Could not detect default resource locations for test class [me.redbean88.standAlone.web.HelloControllerTest]: no resource found for suffixes {-context.xml, Context.groovy}.
2020-06-03 23:43:43.803  INFO 10668 --- [    Test worker] t.c.s.AnnotationConfigContextLoaderUtils : Could not detect default configuration classes for test class [me.redbean88.standAlone.web.HelloControllerTest]: HelloControllerTest does not declare any static, non-private, non-final, nested classes annotated with @Configuration.
2020-06-03 23:43:43.831  INFO 10668 --- [    Test worker] .b.t.c.SpringBootTestContextBootstrapper : Found @SpringBootConfiguration me.redbean88.standAlone.Application for test class me.redbean88.standAlone.web.HelloControllerTest
2020-06-03 23:43:43.832  INFO 10668 --- [    Test worker] .b.t.a.w.s.WebMvcTestContextBootstrapper : Loaded default TestExecutionListener class names from location [META-INF/spring.factories]: [org.springframework.security.test.context.support.WithSecurityContextTestExecutionListener, org.springframework.security.test.context.support.ReactorContextTestExecutionListener, org.springframework.boot.test.autoconfigure.restdocs.RestDocsTestExecutionListener, org.springframework.boot.test.autoconfigure.web.client.MockRestServiceServerResetTestExecutionListener, org.springframework.boot.test.autoconfigure.web.servlet.MockMvcPrintOnlyOnFailureTestExecutionListener, org.springframework.boot.test.autoconfigure.web.servlet.WebDriverTestExecutionListener, org.springframework.boot.test.mock.mockito.MockitoTestExecutionListener, org.springframework.boot.test.mock.mockito.ResetMocksTestExecutionListener, org.springframework.test.context.web.ServletTestExecutionListener, org.springframework.test.context.support.DirtiesContextBeforeModesTestExecutionListener, org.springframework.test.context.support.DependencyInjectionTestExecutionListener, org.springframework.test.context.support.DirtiesContextTestExecutionListener, org.springframework.test.context.transaction.TransactionalTestExecutionListener, org.springframework.test.context.jdbc.SqlScriptsTestExecutionListener]
2020-06-03 23:43:43.833  INFO 10668 --- [    Test worker] .b.t.a.w.s.WebMvcTestContextBootstrapper : Using TestExecutionListeners: [org.springframework.test.context.web.ServletTestExecutionListener@15d56ba8, org.springframework.test.context.support.DirtiesContextBeforeModesTestExecutionListener@2592daef, org.springframework.boot.test.mock.mockito.MockitoTestExecutionListener@38439015, org.springframework.boot.test.autoconfigure.SpringBootDependencyInjectionTestExecutionListener@9e80fa2, org.springframework.test.context.support.DirtiesContextTestExecutionListener@375ead1c, org.springframework.test.context.transaction.TransactionalTestExecutionListener@4a84cba, org.springframework.test.context.jdbc.SqlScriptsTestExecutionListener@204fa702, org.springframework.security.test.context.support.WithSecurityContextTestExecutionListener@699339b6, org.springframework.security.test.context.support.ReactorContextTestExecutionListener@2b675fd5, org.springframework.boot.test.autoconfigure.restdocs.RestDocsTestExecutionListener@6d6c0b9f, org.springframework.boot.test.autoconfigure.web.client.MockRestServiceServerResetTestExecutionListener@30c6d687, org.springframework.boot.test.autoconfigure.web.servlet.MockMvcPrintOnlyOnFailureTestExecutionListener@40e807a0, org.springframework.boot.test.autoconfigure.web.servlet.WebDriverTestExecutionListener@5160619f, org.springframework.boot.test.mock.mockito.ResetMocksTestExecutionListener@5cdda8df]

  .   ____          _            __ _ _
 /\\ / ___'_ __ _ _(_)_ __  __ _ \ \ \ \
( ( )\___ | '_ | '_| | '_ \/ _` | \ \ \ \
 \\/  ___)| |_)| | | | | || (_| |  ) ) ) )
  '  |____| .__|_| |_|_| |_\__, | / / / /
 =========|_|==============|___/=/_/_/_/
 :: Spring Boot ::        (v2.1.7.RELEASE)

2020-06-03 23:43:43.867  INFO 10668 --- [    Test worker] m.r.standAlone.web.HelloControllerTest   : Starting HelloControllerTest on DESKTOP-GM3H7S2 with PID 10668 (started by dackpro00 in D:\TOYS\standaloneBaseinAWS)
2020-06-03 23:43:43.868  INFO 10668 --- [    Test worker] m.r.standAlone.web.HelloControllerTest   : No active profile set, falling back to default profiles: default
2020-06-03 23:43:44.250  INFO 10668 --- [    Test worker] o.s.s.concurrent.ThreadPoolTaskExecutor  : Initializing ExecutorService 'applicationTaskExecutor'
2020-06-03 23:43:44.281  INFO 10668 --- [    Test worker] o.s.b.a.w.s.WelcomePageHandlerMapping    : Adding welcome page template: index
2020-06-03 23:43:44.451  INFO 10668 --- [    Test worker] .s.s.UserDetailsServiceAutoConfiguration : 

Using generated security password: f9d367ba-f692-4873-b626-1a0e23859905

2020-06-03 23:43:44.568  INFO 10668 --- [    Test worker] o.s.s.web.DefaultSecurityFilterChain     : Creating filter chain: any request, [org.springframework.security.web.context.request.async.WebAsyncManagerIntegrationFilter@740b6a7f, org.springframework.security.web.context.SecurityContextPersistenceFilter@70b7197d, org.springframework.security.web.header.HeaderWriterFilter@4fd4dd44, org.springframework.security.web.csrf.CsrfFilter@79153c30, org.springframework.security.web.authentication.logout.LogoutFilter@6b2bcc58, org.springframework.security.web.authentication.UsernamePasswordAuthenticationFilter@429c26e9, org.springframework.security.web.authentication.ui.DefaultLoginPageGeneratingFilter@7484d9ad, org.springframework.security.web.authentication.ui.DefaultLogoutPageGeneratingFilter@5155258e, org.springframework.security.web.authentication.www.BasicAuthenticationFilter@69253618, org.springframework.security.web.savedrequest.RequestCacheAwareFilter@6591a10, org.springframework.security.web.servletapi.SecurityContextHolderAwareRequestFilter@6f8ed962, org.springframework.security.web.authentication.AnonymousAuthenticationFilter@11005c4a, org.springframework.security.web.session.SessionManagementFilter@1ff09c32, org.springframework.security.web.access.ExceptionTranslationFilter@69b3f57e, org.springframework.security.web.access.intercept.FilterSecurityInterceptor@7addf1b2]
2020-06-03 23:43:44.596  INFO 10668 --- [    Test worker] o.s.b.t.m.w.SpringBootMockServletContext : Initializing Spring TestDispatcherServlet ''
2020-06-03 23:43:44.597  INFO 10668 --- [    Test worker] o.s.t.web.servlet.TestDispatcherServlet  : Initializing Servlet ''
2020-06-03 23:43:44.612  INFO 10668 --- [    Test worker] o.s.t.web.servlet.TestDispatcherServlet  : Completed initialization in 15 ms
2020-06-03 23:43:44.654  INFO 10668 --- [    Test worker] m.r.standAlone.web.HelloControllerTest   : Started HelloControllerTest in 0.818 seconds (JVM running for 8.227)
]]></system-out>
  <system-err><![CDATA[]]></system-err>
</testsuite>
