<?xml version="1.0" encoding="UTF-8"?>
<testsuite name="me.redbean88.standAlone.web.dto.HelloResponseDtoTest" tests="1" skipped="0" failures="0" errors="0" timestamp="2020-06-03T15:08:16" hostname="DESKTOP-GM3H7S2" time="0.003">
  <properties/>
  <testcase name="롬복테스트" classname="me.redbean88.standAlone.web.dto.HelloResponseDtoTest" time="0.003"/>
  <system-out><![CDATA[]]></system-out>
  <system-err><![CDATA[]]></system-err>
</testsuite>
