<?xml version="1.0" encoding="UTF-8"?>
<testsuite name="me.redbean88.standAlone.web.PostsApiControllerTest" tests="2" skipped="0" failures="0" errors="0" timestamp="2020-06-03T14:43:47" hostname="DESKTOP-GM3H7S2" time="0.129">
  <properties/>
  <testcase name="Posts_등록됨" classname="me.redbean88.standAlone.web.PostsApiControllerTest" time="0.093"/>
  <testcase name="Posts_수정됨" classname="me.redbean88.standAlone.web.PostsApiControllerTest" time="0.036"/>
  <system-out><![CDATA[2020-06-03 23:43:47.245  INFO 10668 --- [    Test worker] .b.t.c.SpringBootTestContextBootstrapper : Neither @ContextConfiguration nor @ContextHierarchy found for test class [me.redbean88.standAlone.web.PostsApiControllerTest], using SpringBootContextLoader
2020-06-03 23:43:47.247  INFO 10668 --- [    Test worker] o.s.t.c.support.AbstractContextLoader    : Could not detect default resource locations for test class [me.redbean88.standAlone.web.PostsApiControllerTest]: no resource found for suffixes {-context.xml, Context.groovy}.
2020-06-03 23:43:47.247  INFO 10668 --- [    Test worker] t.c.s.AnnotationConfigContextLoaderUtils : Could not detect default configuration classes for test class [me.redbean88.standAlone.web.PostsApiControllerTest]: PostsApiControllerTest does not declare any static, non-private, non-final, nested classes annotated with @Configuration.
2020-06-03 23:43:47.249  INFO 10668 --- [    Test worker] .b.t.c.SpringBootTestContextBootstrapper : Found @SpringBootConfiguration me.redbean88.standAlone.Application for test class me.redbean88.standAlone.web.PostsApiControllerTest
2020-06-03 23:43:47.251  INFO 10668 --- [    Test worker] .b.t.c.SpringBootTestContextBootstrapper : Loaded default TestExecutionListener class names from location [META-INF/spring.factories]: [org.springframework.security.test.context.support.WithSecurityContextTestExecutionListener, org.springframework.security.test.context.support.ReactorContextTestExecutionListener, org.springframework.boot.test.autoconfigure.restdocs.RestDocsTestExecutionListener, org.springframework.boot.test.autoconfigure.web.client.MockRestServiceServerResetTestExecutionListener, org.springframework.boot.test.autoconfigure.web.servlet.MockMvcPrintOnlyOnFailureTestExecutionListener, org.springframework.boot.test.autoconfigure.web.servlet.WebDriverTestExecutionListener, org.springframework.boot.test.mock.mockito.MockitoTestExecutionListener, org.springframework.boot.test.mock.mockito.ResetMocksTestExecutionListener, org.springframework.test.context.web.ServletTestExecutionListener, org.springframework.test.context.support.DirtiesContextBeforeModesTestExecutionListener, org.springframework.test.context.support.DependencyInjectionTestExecutionListener, org.springframework.test.context.support.DirtiesContextTestExecutionListener, org.springframework.test.context.transaction.TransactionalTestExecutionListener, org.springframework.test.context.jdbc.SqlScriptsTestExecutionListener]
2020-06-03 23:43:47.252  INFO 10668 --- [    Test worker] .b.t.c.SpringBootTestContextBootstrapper : Using TestExecutionListeners: [org.springframework.test.context.web.ServletTestExecutionListener@787d61b6, org.springframework.test.context.support.DirtiesContextBeforeModesTestExecutionListener@53798923, org.springframework.boot.test.mock.mockito.MockitoTestExecutionListener@12660f70, org.springframework.boot.test.autoconfigure.SpringBootDependencyInjectionTestExecutionListener@19d8cf3e, org.springframework.test.context.support.DirtiesContextTestExecutionListener@abb6d62, org.springframework.test.context.transaction.TransactionalTestExecutionListener@1514cd87, org.springframework.test.context.jdbc.SqlScriptsTestExecutionListener@37ab4dda, org.springframework.security.test.context.support.WithSecurityContextTestExecutionListener@68d5d52e, org.springframework.security.test.context.support.ReactorContextTestExecutionListener@39d4652b, org.springframework.boot.test.autoconfigure.restdocs.RestDocsTestExecutionListener@a9fef63, org.springframework.boot.test.autoconfigure.web.client.MockRestServiceServerResetTestExecutionListener@6737b677, org.springframework.boot.test.autoconfigure.web.servlet.MockMvcPrintOnlyOnFailureTestExecutionListener@210d631a, org.springframework.boot.test.autoconfigure.web.servlet.WebDriverTestExecutionListener@3b6aa72d, org.springframework.boot.test.mock.mockito.ResetMocksTestExecutionListener@4e7ba3d4]
2020-06-03 23:43:47.264  INFO 10668 --- [    Test worker] o.a.c.c.C.[Tomcat].[localhost].[/]       : Initializing Spring TestDispatcherServlet ''
2020-06-03 23:43:47.264  INFO 10668 --- [    Test worker] o.s.t.web.servlet.TestDispatcherServlet  : Initializing Servlet ''
2020-06-03 23:43:47.267  INFO 10668 --- [    Test worker] o.s.t.web.servlet.TestDispatcherServlet  : Completed initialization in 3 ms
Hibernate: insert into posts (created_date, modified_date, author, content, title) values (?, ?, ?, ?, ?)
Hibernate: select posts0_.id as id1_0_, posts0_.created_date as created_2_0_, posts0_.modified_date as modified3_0_, posts0_.author as author4_0_, posts0_.content as content5_0_, posts0_.title as title6_0_ from posts posts0_
Hibernate: select posts0_.id as id1_0_, posts0_.created_date as created_2_0_, posts0_.modified_date as modified3_0_, posts0_.author as author4_0_, posts0_.content as content5_0_, posts0_.title as title6_0_ from posts posts0_
Hibernate: delete from posts where id=?
2020-06-03 23:43:47.352  INFO 10668 --- [    Test worker] o.a.c.c.C.[Tomcat].[localhost].[/]       : Initializing Spring TestDispatcherServlet ''
2020-06-03 23:43:47.352  INFO 10668 --- [    Test worker] o.s.t.web.servlet.TestDispatcherServlet  : Initializing Servlet ''
2020-06-03 23:43:47.355  INFO 10668 --- [    Test worker] o.s.t.web.servlet.TestDispatcherServlet  : Completed initialization in 3 ms
Hibernate: insert into posts (created_date, modified_date, author, content, title) values (?, ?, ?, ?, ?)
Hibernate: select posts0_.id as id1_0_0_, posts0_.created_date as created_2_0_0_, posts0_.modified_date as modified3_0_0_, posts0_.author as author4_0_0_, posts0_.content as content5_0_0_, posts0_.title as title6_0_0_ from posts posts0_ where posts0_.id=?
Hibernate: update posts set created_date=?, modified_date=?, author=?, content=?, title=? where id=?
Hibernate: select posts0_.id as id1_0_, posts0_.created_date as created_2_0_, posts0_.modified_date as modified3_0_, posts0_.author as author4_0_, posts0_.content as content5_0_, posts0_.title as title6_0_ from posts posts0_
Hibernate: select posts0_.id as id1_0_, posts0_.created_date as created_2_0_, posts0_.modified_date as modified3_0_, posts0_.author as author4_0_, posts0_.content as content5_0_, posts0_.title as title6_0_ from posts posts0_
Hibernate: delete from posts where id=?
]]></system-out>
  <system-err><![CDATA[]]></system-err>
</testsuite>
