<?xml version="1.0" encoding="UTF-8"?>
<testsuite name="me.redbean88.standAlone.web.HelloControllerTest" tests="2" skipped="0" failures="0" errors="0" timestamp="2020-06-03T15:08:17" hostname="DESKTOP-GM3H7S2" time="0.152">
  <properties/>
  <testcase name="helloDto리턴" classname="me.redbean88.standAlone.web.HelloControllerTest" time="0.145"/>
  <testcase name="hello리턴" classname="me.redbean88.standAlone.web.HelloControllerTest" time="0.007"/>
  <system-out><![CDATA[2020-06-04 00:08:16.210  INFO 14584 --- [    Test worker] .b.t.a.w.s.WebMvcTestContextBootstrapper : Neither @ContextConfiguration nor @ContextHierarchy found for test class [me.redbean88.standAlone.web.HelloControllerTest], using SpringBootContextLoader
2020-06-04 00:08:16.210  INFO 14584 --- [    Test worker] o.s.t.c.support.AbstractContextLoader    : Could not detect default resource locations for test class [me.redbean88.standAlone.web.HelloControllerTest]: no resource found for suffixes {-context.xml, Context.groovy}.
2020-06-04 00:08:16.211  INFO 14584 --- [    Test worker] t.c.s.AnnotationConfigContextLoaderUtils : Could not detect default configuration classes for test class [me.redbean88.standAlone.web.HelloControllerTest]: HelloControllerTest does not declare any static, non-private, non-final, nested classes annotated with @Configuration.
2020-06-04 00:08:16.234  INFO 14584 --- [    Test worker] .b.t.c.SpringBootTestContextBootstrapper : Found @SpringBootConfiguration me.redbean88.standAlone.Application for test class me.redbean88.standAlone.web.HelloControllerTest
2020-06-04 00:08:16.235  INFO 14584 --- [    Test worker] .b.t.a.w.s.WebMvcTestContextBootstrapper : Loaded default TestExecutionListener class names from location [META-INF/spring.factories]: [org.springframework.security.test.context.support.WithSecurityContextTestExecutionListener, org.springframework.security.test.context.support.ReactorContextTestExecutionListener, org.springframework.boot.test.autoconfigure.restdocs.RestDocsTestExecutionListener, org.springframework.boot.test.autoconfigure.web.client.MockRestServiceServerResetTestExecutionListener, org.springframework.boot.test.autoconfigure.web.servlet.MockMvcPrintOnlyOnFailureTestExecutionListener, org.springframework.boot.test.autoconfigure.web.servlet.WebDriverTestExecutionListener, org.springframework.boot.test.mock.mockito.MockitoTestExecutionListener, org.springframework.boot.test.mock.mockito.ResetMocksTestExecutionListener, org.springframework.test.context.web.ServletTestExecutionListener, org.springframework.test.context.support.DirtiesContextBeforeModesTestExecutionListener, org.springframework.test.context.support.DependencyInjectionTestExecutionListener, org.springframework.test.context.support.DirtiesContextTestExecutionListener, org.springframework.test.context.transaction.TransactionalTestExecutionListener, org.springframework.test.context.jdbc.SqlScriptsTestExecutionListener]
2020-06-04 00:08:16.237  INFO 14584 --- [    Test worker] .b.t.a.w.s.WebMvcTestContextBootstrapper : Using TestExecutionListeners: [org.springframework.test.context.web.ServletTestExecutionListener@20121ca9, org.springframework.test.context.support.DirtiesContextBeforeModesTestExecutionListener@4b5ad2ca, org.springframework.boot.test.mock.mockito.MockitoTestExecutionListener@4ecfeabd, org.springframework.boot.test.autoconfigure.SpringBootDependencyInjectionTestExecutionListener@15d56ba8, org.springframework.test.context.support.DirtiesContextTestExecutionListener@2592daef, org.springframework.test.context.transaction.TransactionalTestExecutionListener@38439015, org.springframework.test.context.jdbc.SqlScriptsTestExecutionListener@9e80fa2, org.springframework.security.test.context.support.WithSecurityContextTestExecutionListener@375ead1c, org.springframework.security.test.context.support.ReactorContextTestExecutionListener@4a84cba, org.springframework.boot.test.autoconfigure.restdocs.RestDocsTestExecutionListener@204fa702, org.springframework.boot.test.autoconfigure.web.client.MockRestServiceServerResetTestExecutionListener@699339b6, org.springframework.boot.test.autoconfigure.web.servlet.MockMvcPrintOnlyOnFailureTestExecutionListener@2b675fd5, org.springframework.boot.test.autoconfigure.web.servlet.WebDriverTestExecutionListener@6d6c0b9f, org.springframework.boot.test.mock.mockito.ResetMocksTestExecutionListener@30c6d687]

  .   ____          _            __ _ _
 /\\ / ___'_ __ _ _(_)_ __  __ _ \ \ \ \
( ( )\___ | '_ | '_| | '_ \/ _` | \ \ \ \
 \\/  ___)| |_)| | | | | || (_| |  ) ) ) )
  '  |____| .__|_| |_|_| |_\__, | / / / /
 =========|_|==============|___/=/_/_/_/
 :: Spring Boot ::        (v2.1.7.RELEASE)

2020-06-04 00:08:16.270  INFO 14584 --- [    Test worker] m.r.standAlone.web.HelloControllerTest   : Starting HelloControllerTest on DESKTOP-GM3H7S2 with PID 14584 (started by dackpro00 in D:\TOYS\standaloneBaseinAWS)
2020-06-04 00:08:16.271  INFO 14584 --- [    Test worker] m.r.standAlone.web.HelloControllerTest   : No active profile set, falling back to default profiles: default
2020-06-04 00:08:16.650  INFO 14584 --- [    Test worker] o.s.s.concurrent.ThreadPoolTaskExecutor  : Initializing ExecutorService 'applicationTaskExecutor'
2020-06-04 00:08:16.681  INFO 14584 --- [    Test worker] o.s.b.a.w.s.WelcomePageHandlerMapping    : Adding welcome page template: index
2020-06-04 00:08:16.857  INFO 14584 --- [    Test worker] .s.s.UserDetailsServiceAutoConfiguration : 

Using generated security password: 14787f50-3a73-42ae-a5fb-1ce86a85f547

2020-06-04 00:08:16.987  INFO 14584 --- [    Test worker] o.s.s.web.DefaultSecurityFilterChain     : Creating filter chain: any request, [org.springframework.security.web.context.request.async.WebAsyncManagerIntegrationFilter@4aadeaca, org.springframework.security.web.context.SecurityContextPersistenceFilter@69b3f57e, org.springframework.security.web.header.HeaderWriterFilter@79153c30, org.springframework.security.web.csrf.CsrfFilter@34dc8035, org.springframework.security.web.authentication.logout.LogoutFilter@7484d9ad, org.springframework.security.web.authentication.UsernamePasswordAuthenticationFilter@76b0964, org.springframework.security.web.authentication.ui.DefaultLoginPageGeneratingFilter@70b7197d, org.springframework.security.web.authentication.ui.DefaultLogoutPageGeneratingFilter@69253618, org.springframework.security.web.authentication.www.BasicAuthenticationFilter@1de337f7, org.springframework.security.web.savedrequest.RequestCacheAwareFilter@4fd4dd44, org.springframework.security.web.servletapi.SecurityContextHolderAwareRequestFilter@1ff09c32, org.springframework.security.web.authentication.AnonymousAuthenticationFilter@6dfdf844, org.springframework.security.web.session.SessionManagementFilter@2918c60f, org.springframework.security.web.access.ExceptionTranslationFilter@37622468, org.springframework.security.web.access.intercept.FilterSecurityInterceptor@39b02921]
2020-06-04 00:08:17.017  INFO 14584 --- [    Test worker] o.s.b.t.m.w.SpringBootMockServletContext : Initializing Spring TestDispatcherServlet ''
2020-06-04 00:08:17.017  INFO 14584 --- [    Test worker] o.s.t.web.servlet.TestDispatcherServlet  : Initializing Servlet ''
2020-06-04 00:08:17.028  INFO 14584 --- [    Test worker] o.s.t.web.servlet.TestDispatcherServlet  : Completed initialization in 11 ms
2020-06-04 00:08:17.055  INFO 14584 --- [    Test worker] m.r.standAlone.web.HelloControllerTest   : Started HelloControllerTest in 0.815 seconds (JVM running for 8.667)
]]></system-out>
  <system-err><![CDATA[]]></system-err>
</testsuite>
